Z80 Macro Assembler ZMA v1.0.18
=====================================================
Programmed by t.hara

  DEFS is DEFINE STRING (default).
  OUTPUT TYPE: BINARY

<< code >>
LINE# |OFFSET|ADDR|MNEMONIC
======+======+====+==================================
    13|      |    |PPI_SLOT_REG := 0xA8
      |      |    |  Global integer symbol [PPI_SLOT_REG] = 168 (0xa8)
------+------+----+----------------------------------
    14|      |    |EXT_SLOT_REG := 0xFFFF
      |      |    |  Global integer symbol [EXT_SLOT_REG] = 65535 (0xffff)
------+------+----+----------------------------------
    15|      |    |MAIN_ROM_SLOT := 0xFCC1
      |      |    |  Global integer symbol [MAIN_ROM_SLOT] = 64705 (0xfcc1)
------+------+----+----------------------------------
    16|      |    |EXPTBL := 0xFCC1
      |      |    |  Global integer symbol [EXPTBL] = 64705 (0xfcc1)
------+------+----+----------------------------------
    17|      |    |SLTTBL := 0xFCC5
      |      |    |  Global integer symbol [SLTTBL] = 64709 (0xfcc5)
------+------+----+----------------------------------
    18|      |    |RAMAD0 := 0xF341
      |      |    |  Global integer symbol [RAMAD0] = 62273 (0xf341)
------+------+----+----------------------------------
    19|      |    |RAMAD1 := 0xF342
      |      |    |  Global integer symbol [RAMAD1] = 62274 (0xf342)
------+------+----+----------------------------------
    20|      |    |RAMAD2 := 0xF343
      |      |    |  Global integer symbol [RAMAD2] = 62275 (0xf343)
------+------+----+----------------------------------
    21|      |    |RAMAD3 := 0xF344
      |      |    |  Global integer symbol [RAMAD3] = 62276 (0xf344)
------+------+----+----------------------------------
    23|      |    |ROM_SLOT := 0x8000
      |      |    |  Global integer symbol [ROM_SLOT] = 32768 (0x8000)
------+------+----+----------------------------------
    24|      |    |PAGE2_ROUTINE_ON_RAM := 0xB000
      |      |    |  Global integer symbol [PAGE2_ROUTINE_ON_RAM] = 45056 (0xb000)
------+------+----+----------------------------------
    26|      |    |ORG 0x4000
------+------+----+----------------------------------
    28|      |    |DB "AB"
      |000000|4000|  41 42
------+------+----+----------------------------------
    29|      |    |DW ENTRY_POINT
      |000002|4002|  10 40
------+------+----+----------------------------------
    30|      |    |DW 0
      |000004|4004|  00 00
------+------+----+----------------------------------
    31|      |    |DW 0
      |000006|4006|  00 00
------+------+----+----------------------------------
    32|      |    |DW 0
      |000008|4008|  00 00
------+------+----+----------------------------------
    33|      |    |DW 0
      |00000A|400A|  00 00
------+------+----+----------------------------------
    34|      |    |DW 0
      |00000C|400C|  00 00
------+------+----+----------------------------------
    35|      |    |DW 0
      |00000E|400E|  00 00
------+------+----+----------------------------------
    37|      |    |ENTRY_POINT ::
      |      |    |  global label [ENTRY_POINT] address: 0x004010
------+------+----+----------------------------------
    39|      |    |SCOPE PAGE2_RAM_CHECK
      |      |    |  Enter scope: PAGE2_RAM_CHECK:
------+------+----+----------------------------------
    40|      |    |LD HL, 0x8000
      |      |    |  Z80:11cyc R800:3cyc
      |000010|4010|  21 00 80
------+------+----+----------------------------------
    41|      |    |DI
      |      |    |  Z80:5cyc R800:2cyc
      |000013|4013|  F3
------+------+----+----------------------------------
    42|      |    |LOOP :
      |      |    |  label [PAGE2_RAM_CHECK:LOOP] address: 0x004014
------+------+----+----------------------------------
    43|      |    |LD A, [ HL ]
      |      |    |  Z80:8cyc R800:4cyc
      |000014|4014|  7E
------+------+----+----------------------------------
    44|      |    |CPL
      |      |    |  Z80:5cyc R800:1cyc
      |000015|4015|  2F
------+------+----+----------------------------------
    45|      |    |LD [ HL ], A
      |      |    |  Z80:8cyc R800:4cyc
      |000016|4016|  77
------+------+----+----------------------------------
    46|      |    |CP A, [ HL ]
      |      |    |  Z80:8cyc R800:4cyc
      |000017|4017|  BE
------+------+----+----------------------------------
    47|      |    |CPL
      |      |    |  Z80:5cyc R800:1cyc
      |000018|4018|  2F
------+------+----+----------------------------------
    48|      |    |LD [ HL ], A
      |      |    |  Z80:8cyc R800:4cyc
      |000019|4019|  77
------+------+----+----------------------------------
    49|      |    |JP NZ, ERROR_NOT_ENOUGH_MEMORY
      |      |    |  Z80:11cyc R800:5cyc/3cyc
      |00001A|401A|  C2 96 40
------+------+----+----------------------------------
    50|      |    |INC HL
      |      |    |  Z80:7cyc R800:1cyc
      |00001D|401D|  23
------+------+----+----------------------------------
    51|      |    |LD A, H
      |      |    |  Z80:5cyc R800:2cyc
      |00001E|401E|  7C
------+------+----+----------------------------------
    52|      |    |OR A, A
      |      |    |  Z80:5cyc R800:1cyc
      |00001F|401F|  B7
------+------+----+----------------------------------
    53|      |    |JP P, LOOP
      |      |    |  Z80:11cyc R800:5cyc/3cyc
      |000020|4020|  F2 14 40
------+------+----+----------------------------------
    54|      |    |ENDSCOPE
      |      |    |  Exit scope: PAGE2_RAM_CHECK:
------+------+----+----------------------------------
    56|      |    |SCOPE GET_ROM_SLOT
      |      |    |  Enter scope: GET_ROM_SLOT:
------+------+----+----------------------------------
    57|      |    |IN A, [ PPI_SLOT_REG ]
      |      |    |  Z80:12cyc R800:10cyc/9cyc
      |000023|4023|  DB A8
------+------+----+----------------------------------
    58|      |    |AND A, 0b00001100
      |      |    |  Z80:8cyc R800:2cyc
      |000025|4025|  E6 0C
------+------+----+----------------------------------
    59|      |    |RRCA
      |      |    |  Z80:5cyc R800:1cyc
      |000027|4027|  0F
------+------+----+----------------------------------
    60|      |    |RRCA
      |      |    |  Z80:5cyc R800:1cyc
      |000028|4028|  0F
------+------+----+----------------------------------
    61|      |    |LD B, A
      |      |    |  Z80:5cyc R800:2cyc
      |000029|4029|  47
------+------+----+----------------------------------
    63|      |    |LD HL, EXPTBL
      |      |    |  Z80:11cyc R800:3cyc
      |00002A|402A|  21 C1 FC
------+------+----+----------------------------------
    64|      |    |ADD A, L
      |      |    |  Z80:5cyc R800:1cyc
      |00002D|402D|  85
------+------+----+----------------------------------
    65|      |    |LD L, A
      |      |    |  Z80:5cyc R800:2cyc
      |00002E|402E|  6F
------+------+----+----------------------------------
    66|      |    |LD A, [ HL ]
      |      |    |  Z80:8cyc R800:4cyc
      |00002F|402F|  7E
------+------+----+----------------------------------
    67|      |    |AND A, 0x80
      |      |    |  Z80:8cyc R800:2cyc
      |000030|4030|  E6 80
------+------+----+----------------------------------
    68|      |    |OR A, B
      |      |    |  Z80:5cyc R800:1cyc
      |000032|4032|  B0
------+------+----+----------------------------------
    69|      |    |JP P, NO_EXPAND_SLOT
      |      |    |  Z80:11cyc R800:5cyc/3cyc
      |000033|4033|  F2 3F 40
------+------+----+----------------------------------
    71|      |    |INC HL
      |      |    |  Z80:7cyc R800:1cyc
      |000036|4036|  23
------+------+----+----------------------------------
    72|      |    |INC HL
      |      |    |  Z80:7cyc R800:1cyc
      |000037|4037|  23
------+------+----+----------------------------------
    73|      |    |INC HL
      |      |    |  Z80:7cyc R800:1cyc
      |000038|4038|  23
------+------+----+----------------------------------
    74|      |    |INC HL
      |      |    |  Z80:7cyc R800:1cyc
      |000039|4039|  23
------+------+----+----------------------------------
    75|      |    |LD B, A
      |      |    |  Z80:5cyc R800:2cyc
      |00003A|403A|  47
------+------+----+----------------------------------
    76|      |    |LD A, [ HL ]
      |      |    |  Z80:8cyc R800:4cyc
      |00003B|403B|  7E
------+------+----+----------------------------------
    77|      |    |AND A, 0b00001100
      |      |    |  Z80:8cyc R800:2cyc
      |00003C|403C|  E6 0C
------+------+----+----------------------------------
    78|      |    |OR A, B
      |      |    |  Z80:5cyc R800:1cyc
      |00003E|403E|  B0
------+------+----+----------------------------------
    79|      |    |NO_EXPAND_SLOT :
      |      |    |  label [GET_ROM_SLOT:NO_EXPAND_SLOT] address: 0x00403f
------+------+----+----------------------------------
    80|      |    |LD [ ROM_SLOT ], A
      |      |    |  Z80:14cyc R800:6cyc
      |00003F|403F|  32 00 80
------+------+----+----------------------------------
    81|      |    |ENDSCOPE
      |      |    |  Exit scope: GET_ROM_SLOT:
------+------+----+----------------------------------
    83|      |    |SCOPE GET_PAGE2_RAM_SLOT
      |      |    |  Enter scope: GET_PAGE2_RAM_SLOT:
------+------+----+----------------------------------
    84|      |    |IN A, [ PPI_SLOT_REG ]
      |      |    |  Z80:12cyc R800:10cyc/9cyc
      |000042|4042|  DB A8
------+------+----+----------------------------------
    85|      |    |AND A, 0b00110000
      |      |    |  Z80:8cyc R800:2cyc
      |000044|4044|  E6 30
------+------+----+----------------------------------
    86|      |    |RRCA
      |      |    |  Z80:5cyc R800:1cyc
      |000046|4046|  0F
------+------+----+----------------------------------
    87|      |    |RRCA
      |      |    |  Z80:5cyc R800:1cyc
      |000047|4047|  0F
------+------+----+----------------------------------
    88|      |    |RRCA
      |      |    |  Z80:5cyc R800:1cyc
      |000048|4048|  0F
------+------+----+----------------------------------
    89|      |    |RRCA
      |      |    |  Z80:5cyc R800:1cyc
      |000049|4049|  0F
------+------+----+----------------------------------
    90|      |    |LD B, A
      |      |    |  Z80:5cyc R800:2cyc
      |00004A|404A|  47
------+------+----+----------------------------------
    92|      |    |LD HL, EXPTBL
      |      |    |  Z80:11cyc R800:3cyc
      |00004B|404B|  21 C1 FC
------+------+----+----------------------------------
    93|      |    |ADD A, L
      |      |    |  Z80:5cyc R800:1cyc
      |00004E|404E|  85
------+------+----+----------------------------------
    94|      |    |LD L, A
      |      |    |  Z80:5cyc R800:2cyc
      |00004F|404F|  6F
------+------+----+----------------------------------
    95|      |    |LD A, [ HL ]
      |      |    |  Z80:8cyc R800:4cyc
      |000050|4050|  7E
------+------+----+----------------------------------
    96|      |    |AND A, 0x80
      |      |    |  Z80:8cyc R800:2cyc
      |000051|4051|  E6 80
------+------+----+----------------------------------
    97|      |    |OR A, B
      |      |    |  Z80:5cyc R800:1cyc
      |000053|4053|  B0
------+------+----+----------------------------------
    98|      |    |JP P, NO_EXPAND_SLOT
      |      |    |  Z80:11cyc R800:5cyc/3cyc
      |000054|4054|  F2 62 40
------+------+----+----------------------------------
   100|      |    |INC HL
      |      |    |  Z80:7cyc R800:1cyc
      |000057|4057|  23
------+------+----+----------------------------------
   101|      |    |INC HL
      |      |    |  Z80:7cyc R800:1cyc
      |000058|4058|  23
------+------+----+----------------------------------
   102|      |    |INC HL
      |      |    |  Z80:7cyc R800:1cyc
      |000059|4059|  23
------+------+----+----------------------------------
   103|      |    |INC HL
      |      |    |  Z80:7cyc R800:1cyc
      |00005A|405A|  23
------+------+----+----------------------------------
   104|      |    |LD B, A
      |      |    |  Z80:5cyc R800:2cyc
      |00005B|405B|  47
------+------+----+----------------------------------
   105|      |    |LD A, [ HL ]
      |      |    |  Z80:8cyc R800:4cyc
      |00005C|405C|  7E
------+------+----+----------------------------------
   106|      |    |AND A, 0b00110000
      |      |    |  Z80:8cyc R800:2cyc
      |00005D|405D|  E6 30
------+------+----+----------------------------------
   107|      |    |RRCA
      |      |    |  Z80:5cyc R800:1cyc
      |00005F|405F|  0F
------+------+----+----------------------------------
   108|      |    |RRCA
      |      |    |  Z80:5cyc R800:1cyc
      |000060|4060|  0F
------+------+----+----------------------------------
   109|      |    |OR A, B
      |      |    |  Z80:5cyc R800:1cyc
      |000061|4061|  B0
------+------+----+----------------------------------
   110|      |    |NO_EXPAND_SLOT :
      |      |    |  label [GET_PAGE2_RAM_SLOT:NO_EXPAND_SLOT] address: 0x004062
------+------+----+----------------------------------
   111|      |    |LD [ RAMAD2 ], A
      |      |    |  Z80:14cyc R800:6cyc
      |000062|4062|  32 43 F3
------+------+----+----------------------------------
   112|      |    |ENDSCOPE
      |      |    |  Exit scope: GET_PAGE2_RAM_SLOT:
------+------+----+----------------------------------
   114|      |    |SCOPE GET_PAGE3_RAM_SLOT
      |      |    |  Enter scope: GET_PAGE3_RAM_SLOT:
------+------+----+----------------------------------
   115|      |    |IN A, [ PPI_SLOT_REG ]
      |      |    |  Z80:12cyc R800:10cyc/9cyc
      |000065|4065|  DB A8
------+------+----+----------------------------------
   116|      |    |AND A, 0b11000000
      |      |    |  Z80:8cyc R800:2cyc
      |000067|4067|  E6 C0
------+------+----+----------------------------------
   117|      |    |RLCA
      |      |    |  Z80:5cyc R800:1cyc
      |000069|4069|  07
------+------+----+----------------------------------
   118|      |    |RLCA
      |      |    |  Z80:5cyc R800:1cyc
      |00006A|406A|  07
------+------+----+----------------------------------
   119|      |    |LD B, A
      |      |    |  Z80:5cyc R800:2cyc
      |00006B|406B|  47
------+------+----+----------------------------------
   121|      |    |LD HL, EXPTBL
      |      |    |  Z80:11cyc R800:3cyc
      |00006C|406C|  21 C1 FC
------+------+----+----------------------------------
   122|      |    |ADD A, L
      |      |    |  Z80:5cyc R800:1cyc
      |00006F|406F|  85
------+------+----+----------------------------------
   123|      |    |LD L, A
      |      |    |  Z80:5cyc R800:2cyc
      |000070|4070|  6F
------+------+----+----------------------------------
   124|      |    |LD A, [ HL ]
      |      |    |  Z80:8cyc R800:4cyc
      |000071|4071|  7E
------+------+----+----------------------------------
   125|      |    |AND A, 0x80
      |      |    |  Z80:8cyc R800:2cyc
      |000072|4072|  E6 80
------+------+----+----------------------------------
   126|      |    |OR A, B
      |      |    |  Z80:5cyc R800:1cyc
      |000074|4074|  B0
------+------+----+----------------------------------
   127|      |    |JP P, NO_EXPAND_SLOT
      |      |    |  Z80:11cyc R800:5cyc/3cyc
      |000075|4075|  F2 85 40
------+------+----+----------------------------------
   129|      |    |INC HL
      |      |    |  Z80:7cyc R800:1cyc
      |000078|4078|  23
------+------+----+----------------------------------
   130|      |    |INC HL
      |      |    |  Z80:7cyc R800:1cyc
      |000079|4079|  23
------+------+----+----------------------------------
   131|      |    |INC HL
      |      |    |  Z80:7cyc R800:1cyc
      |00007A|407A|  23
------+------+----+----------------------------------
   132|      |    |INC HL
      |      |    |  Z80:7cyc R800:1cyc
      |00007B|407B|  23
------+------+----+----------------------------------
   133|      |    |LD B, A
      |      |    |  Z80:5cyc R800:2cyc
      |00007C|407C|  47
------+------+----+----------------------------------
   134|      |    |LD A, [ HL ]
      |      |    |  Z80:8cyc R800:4cyc
      |00007D|407D|  7E
------+------+----+----------------------------------
   135|      |    |AND A, 0b11000000
      |      |    |  Z80:8cyc R800:2cyc
      |00007E|407E|  E6 C0
------+------+----+----------------------------------
   136|      |    |RRCA
      |      |    |  Z80:5cyc R800:1cyc
      |000080|4080|  0F
------+------+----+----------------------------------
   137|      |    |RRCA
      |      |    |  Z80:5cyc R800:1cyc
      |000081|4081|  0F
------+------+----+----------------------------------
   138|      |    |RRCA
      |      |    |  Z80:5cyc R800:1cyc
      |000082|4082|  0F
------+------+----+----------------------------------
   139|      |    |RRCA
      |      |    |  Z80:5cyc R800:1cyc
      |000083|4083|  0F
------+------+----+----------------------------------
   140|      |    |OR A, B
      |      |    |  Z80:5cyc R800:1cyc
      |000084|4084|  B0
------+------+----+----------------------------------
   141|      |    |NO_EXPAND_SLOT :
      |      |    |  label [GET_PAGE3_RAM_SLOT:NO_EXPAND_SLOT] address: 0x004085
------+------+----+----------------------------------
   142|      |    |LD [ RAMAD3 ], A
      |      |    |  Z80:14cyc R800:6cyc
      |000085|4085|  32 44 F3
------+------+----+----------------------------------
   143|      |    |ENDSCOPE
      |      |    |  Exit scope: GET_PAGE3_RAM_SLOT:
------+------+----+----------------------------------
   145|      |    |SCOPE TRANSFER_CHECK_ROUTINE
      |      |    |  Enter scope: TRANSFER_CHECK_ROUTINE:
------+------+----+----------------------------------
   146|      |    |LD HL, PAGE2_ROUTINE_ON_ROM
      |      |    |  Z80:11cyc R800:3cyc
      |000088|4088|  21 AE 40
------+------+----+----------------------------------
   147|      |    |LD DE, PAGE2_ROUTINE_ON_RAM
      |      |    |  Z80:11cyc R800:3cyc
      |00008B|408B|  11 00 B0
------+------+----+----------------------------------
   148|      |    |LD BC, PAGE2_ROUTINE_ON_RAM_END - PAGE2_ROUTINE_ON_RAM
      |      |    |  Z80:11cyc R800:3cyc
      |00008E|408E|  01 30 01
------+------+----+----------------------------------
   149|      |    |LDIR
      |      |    |  Z80:23cyc/18cyc R800:7cyc
      |000091|4091|  ED B0
------+------+----+----------------------------------
   150|      |    |JP MAIN_ROUTINE
      |      |    |  Z80:11cyc R800:5cyc
      |000093|4093|  C3 00 B0
------+------+----+----------------------------------
   151|      |    |ENDSCOPE
      |      |    |  Exit scope: TRANSFER_CHECK_ROUTINE:
------+------+----+----------------------------------
   153|      |    |ERROR_NOT_ENOUGH_MEMORY :
      |      |    |  label [ERROR_NOT_ENOUGH_MEMORY] address: 0x004096
------+------+----+----------------------------------
   154|      |    |LD HL, MESSAGE_NOT_ENOUGH_MEMORY
      |      |    |  Z80:11cyc R800:3cyc
      |000096|4096|  21 DE 41
------+------+----+----------------------------------
   155|      |    |JP PUT_ERROR
      |      |    |  Z80:11cyc R800:5cyc
      |000099|4099|  C3 9C 40
------+------+----+----------------------------------
   157|      |    |SCOPE PUT_ERROR
      |      |    |  Enter scope: PUT_ERROR:
------+------+----+----------------------------------
   158|      |    |PUT_ERROR ::
      |      |    |  global label [PUT_ERROR] address: 0x00409c
------+------+----+----------------------------------
   159|      |    |LD A, [ MAIN_ROM_SLOT ]
      |      |    |  Z80:14cyc R800:6cyc
      |00009C|409C|  3A C1 FC
------+------+----+----------------------------------
   160|      |    |PUSH HL
      |      |    |  Z80:12cyc R800:6cyc
      |00009F|409F|  E5
------+------+----+----------------------------------
   161|      |    |CALL MY_ENASLT0
      |      |    |  Z80:18cyc R800:5cyc
      |0000A0|40A0|  CD AD B0
------+------+----+----------------------------------
   162|      |    |POP HL
      |      |    |  Z80:11cyc R800:5cyc
      |0000A3|40A3|  E1
------+------+----+----------------------------------
   163|      |    |LOOP :
      |      |    |  label [PUT_ERROR:LOOP] address: 0x0040a4
------+------+----+----------------------------------
   164|      |    |LD A, [ HL ]
      |      |    |  Z80:8cyc R800:4cyc
      |0000A4|40A4|  7E
------+------+----+----------------------------------
   165|      |    |OR A, A
      |      |    |  Z80:5cyc R800:1cyc
      |0000A5|40A5|  B7
------+------+----+----------------------------------
   166|      |    |JR Z, FREEZE
      |      |    |  Z80:13cyc/8cyc R800:3cyc/2cyc
      |0000A6|40A6|  28 04
------+------+----+----------------------------------
   167|      |    |RST 0x18
      |      |    |  Z80:12cyc R800:6cyc/7cyc
      |0000A8|40A8|  DF
------+------+----+----------------------------------
   168|      |    |INC HL
      |      |    |  Z80:7cyc R800:1cyc
      |0000A9|40A9|  23
------+------+----+----------------------------------
   169|      |    |JR LOOP
      |      |    |  Z80:13cyc R800:3cyc
      |0000AA|40AA|  18 F8
------+------+----+----------------------------------
   170|      |    |FREEZE :
      |      |    |  label [PUT_ERROR:FREEZE] address: 0x0040ac
------+------+----+----------------------------------
   171|      |    |DI
      |      |    |  Z80:5cyc R800:2cyc
      |0000AC|40AC|  F3
------+------+----+----------------------------------
   172|      |    |HALT
      |      |    |  Z80:5cyc R800:2cycAnd wait interrupt.
      |0000AD|40AD|  76
------+------+----+----------------------------------
   173|      |    |ENDSCOPE
      |      |    |  Exit scope: PUT_ERROR:
------+------+----+----------------------------------
   178|      |    |PAGE2_ROUTINE_ON_ROM :
      |      |    |  label [PAGE2_ROUTINE_ON_ROM] address: 0x0040ae
------+------+----+----------------------------------
   179|      |    |ORG PAGE2_ROUTINE_ON_RAM
------+------+----+----------------------------------
   180|      |    |SCOPE PAGE2_ROUTINE_ON_RAM
      |      |    |  Enter scope: PAGE2_ROUTINE_ON_RAM:
------+------+----+----------------------------------
   181|      |    |PAGE2_ROUTINE_ON_RAM ::
      |      |    |  global label [PAGE2_ROUTINE_ON_RAM] address: 0x00b000
------+------+----+----------------------------------
   184|      |    |SCOPE MAIN_ROUTINE
      |      |    |  Enter scope: PAGE2_ROUTINE_ON_RAM:MAIN_ROUTINE:
------+------+----+----------------------------------
   185|      |    |MAIN_ROUTINE ::
      |      |    |  global label [MAIN_ROUTINE] address: 0x00b000
------+------+----+----------------------------------
   186|      |    |CALL CHANGE_TO_RAM_FOR_PAGE0
      |      |    |  Z80:18cyc R800:5cyc
      |0000AE|B000|  CD 19 B0
------+------+----+----------------------------------
   187|      |    |CALL CHANGE_TO_RAM_FOR_PAGE1
      |      |    |  Z80:18cyc R800:5cyc
      |0000B1|B003|  CD 63 B0
------+------+----+----------------------------------
   188|      |    |DI
      |      |    |  Z80:5cyc R800:2cyc
      |0000B4|B006|  F3
------+------+----+----------------------------------
   189|      |    |LOOP :
      |      |    |  label [PAGE2_ROUTINE_ON_RAM:MAIN_ROUTINE:LOOP] address: 0x00b007
------+------+----+----------------------------------
   190|      |    |JP LOOP
      |      |    |  Z80:11cyc R800:5cyc
      |0000B5|B007|  C3 07 B0
------+------+----+----------------------------------
   191|      |    |ENDSCOPE
      |      |    |  Exit scope: PAGE2_ROUTINE_ON_RAM:MAIN_ROUTINE:
------+------+----+----------------------------------
   197|      |    |SCOPE GOTO_ERROR
      |      |    |  Enter scope: PAGE2_ROUTINE_ON_RAM:GOTO_ERROR:
------+------+----+----------------------------------
   198|      |    |GOTO_ERROR ::
      |      |    |  global label [GOTO_ERROR] address: 0x00b00a
------+------+----+----------------------------------
   199|      |    |LD A, [ MAIN_ROM_SLOT ]
      |      |    |  Z80:14cyc R800:6cyc
      |0000B8|B00A|  3A C1 FC
------+------+----+----------------------------------
   200|      |    |CALL MY_ENASLT0
      |      |    |  Z80:18cyc R800:5cyc
      |0000BB|B00D|  CD AD B0
------+------+----+----------------------------------
   201|      |    |LD A, [ ROM_SLOT ]
      |      |    |  Z80:14cyc R800:6cyc
      |0000BE|B010|  3A 00 80
------+------+----+----------------------------------
   202|      |    |CALL MY_ENASLT1
      |      |    |  Z80:18cyc R800:5cyc
      |0000C1|B013|  CD EC B0
------+------+----+----------------------------------
   203|      |    |JP ERROR_NOT_ENOUGH_MEMORY
      |      |    |  Z80:11cyc R800:5cyc
      |0000C4|B016|  C3 96 40
------+------+----+----------------------------------
   204|      |    |ENDSCOPE
      |      |    |  Exit scope: PAGE2_ROUTINE_ON_RAM:GOTO_ERROR:
------+------+----+----------------------------------
   209|      |    |SCOPE CHANGE_TO_RAM_FOR_PAGE0
      |      |    |  Enter scope: PAGE2_ROUTINE_ON_RAM:CHANGE_TO_RAM_FOR_PAGE0:
------+------+----+----------------------------------
   210|      |    |CHANGE_TO_RAM_FOR_PAGE0 ::
      |      |    |  global label [CHANGE_TO_RAM_FOR_PAGE0] address: 0x00b019
------+------+----+----------------------------------
   211|      |    |XOR A, A
      |      |    |  Z80:5cyc R800:1cyc
      |0000C7|B019|  AF
------+------+----+----------------------------------
   214|      |    |LD HL, EXPTBL
      |      |    |  Z80:11cyc R800:3cyc
      |0000C8|B01A|  21 C1 FC
------+------+----+----------------------------------
   215|      |    |PRIMARY_SLOT_LOOP :
      |      |    |  label [PAGE2_ROUTINE_ON_RAM:CHANGE_TO_RAM_FOR_PAGE0:PRIMARY_SLOT_LOOP] address: 0x00b01d
------+------+----+----------------------------------
   216|      |    |LD B, A
      |      |    |  Z80:5cyc R800:2cyc
      |0000CB|B01D|  47
------+------+----+----------------------------------
   217|      |    |PUSH AF
      |      |    |  Z80:12cyc R800:6cyc
      |0000CC|B01E|  F5
------+------+----+----------------------------------
   218|      |    |LD A, [ HL ]
      |      |    |  Z80:8cyc R800:4cyc
      |0000CD|B01F|  7E
------+------+----+----------------------------------
   219|      |    |PUSH HL
      |      |    |  Z80:12cyc R800:6cyc
      |0000CE|B020|  E5
------+------+----+----------------------------------
   220|      |    |AND A, 0x80
      |      |    |  Z80:8cyc R800:2cyc
      |0000CF|B021|  E6 80
------+------+----+----------------------------------
   221|      |    |OR A, B
      |      |    |  Z80:5cyc R800:1cyc
      |0000D1|B023|  B0
------+------+----+----------------------------------
   222|      |    |JP M, EXPAND_SLOT_FOUND
      |      |    |  Z80:11cyc R800:5cyc/3cyc
      |0000D2|B024|  FA 30 B0
------+------+----+----------------------------------
   224|      |    |CALL CHECK_PAGE0
      |      |    |  Z80:18cyc R800:5cyc
      |0000D5|B027|  CD 4C B0
------+------+----+----------------------------------
   225|      |    |PUSH AF
      |      |    |  Z80:12cyc R800:6cyc
      |0000D8|B02A|  F5
------+------+----+----------------------------------
   226|      |    |JR Z, RAM_FOUND
      |      |    |  Z80:13cyc/8cyc R800:3cyc/2cyc
      |0000D9|B02B|  28 1B
------+------+----+----------------------------------
   227|      |    |POP AF
      |      |    |  Z80:11cyc R800:5cyc
      |0000DB|B02D|  F1
------+------+----+----------------------------------
   228|      |    |JR NEXT_PRIMARY_SLOT
      |      |    |  Z80:13cyc R800:3cyc
      |0000DC|B02E|  18 0D
------+------+----+----------------------------------
   229|      |    |EXPAND_SLOT_FOUND :
      |      |    |  label [PAGE2_ROUTINE_ON_RAM:CHANGE_TO_RAM_FOR_PAGE0:EXPAND_SLOT_FOUND] address: 0x00b030
------+------+----+----------------------------------
   231|      |    |PUSH AF
      |      |    |  Z80:12cyc R800:6cyc
      |0000DE|B030|  F5
------+------+----+----------------------------------
   232|      |    |CALL CHECK_PAGE0
      |      |    |  Z80:18cyc R800:5cyc
      |0000DF|B031|  CD 4C B0
------+------+----+----------------------------------
   233|      |    |JR Z, RAM_FOUND
      |      |    |  Z80:13cyc/8cyc R800:3cyc/2cyc
      |0000E2|B034|  28 12
------+------+----+----------------------------------
   234|      |    |POP AF
      |      |    |  Z80:11cyc R800:5cyc
      |0000E4|B036|  F1
------+------+----+----------------------------------
   235|      |    |ADD A, 0x04
      |      |    |  Z80:8cyc R800:2cyc
      |0000E5|B037|  C6 04
------+------+----+----------------------------------
   236|      |    |BIT 4, A
      |      |    |  Z80:10cyc R800:2cyc
      |0000E7|B039|  CB 67
------+------+----+----------------------------------
   237|      |    |JR Z, EXPAND_SLOT_FOUND
      |      |    |  Z80:13cyc/8cyc R800:3cyc/2cyc
      |0000E9|B03B|  28 F3
------+------+----+----------------------------------
   238|      |    |NEXT_PRIMARY_SLOT :
      |      |    |  label [PAGE2_ROUTINE_ON_RAM:CHANGE_TO_RAM_FOR_PAGE0:NEXT_PRIMARY_SLOT] address: 0x00b03d
------+------+----+----------------------------------
   239|      |    |POP HL
      |      |    |  Z80:11cyc R800:5cyc
      |0000EB|B03D|  E1
------+------+----+----------------------------------
   240|      |    |POP AF
      |      |    |  Z80:11cyc R800:5cyc
      |0000EC|B03E|  F1
------+------+----+----------------------------------
   241|      |    |INC A
      |      |    |  Z80:5cyc R800:1cyc
      |0000ED|B03F|  3C
------+------+----+----------------------------------
   242|      |    |INC HL
      |      |    |  Z80:7cyc R800:1cyc
      |0000EE|B040|  23
------+------+----+----------------------------------
   243|      |    |BIT 2, A
      |      |    |  Z80:10cyc R800:2cyc
      |0000EF|B041|  CB 57
------+------+----+----------------------------------
   244|      |    |JR Z, PRIMARY_SLOT_LOOP
      |      |    |  Z80:13cyc/8cyc R800:3cyc/2cyc
      |0000F1|B043|  28 D8
------+------+----+----------------------------------
   245|      |    |RAM_NOT_FOUND :
      |      |    |  label [PAGE2_ROUTINE_ON_RAM:CHANGE_TO_RAM_FOR_PAGE0:RAM_NOT_FOUND] address: 0x00b045
------+------+----+----------------------------------
   246|      |    |JP GOTO_ERROR
      |      |    |  Z80:11cyc R800:5cyc
      |0000F3|B045|  C3 0A B0
------+------+----+----------------------------------
   247|      |    |RAM_FOUND :
      |      |    |  label [PAGE2_ROUTINE_ON_RAM:CHANGE_TO_RAM_FOR_PAGE0:RAM_FOUND] address: 0x00b048
------+------+----+----------------------------------
   248|      |    |POP HL
      |      |    |  Z80:11cyc R800:5cyc
      |0000F6|B048|  E1
------+------+----+----------------------------------
   249|      |    |POP HL
      |      |    |  Z80:11cyc R800:5cyc
      |0000F7|B049|  E1
------+------+----+----------------------------------
   250|      |    |POP AF
      |      |    |  Z80:11cyc R800:5cyc
      |0000F8|B04A|  F1
------+------+----+----------------------------------
   251|      |    |RET
      |      |    |  Z80:11cyc R800:5cyc
      |0000F9|B04B|  C9
------+------+----+----------------------------------
   252|      |    |ENDSCOPE
      |      |    |  Exit scope: PAGE2_ROUTINE_ON_RAM:CHANGE_TO_RAM_FOR_PAGE0:
------+------+----+----------------------------------
   254|      |    |SCOPE CHECK_PAGE0
      |      |    |  Enter scope: PAGE2_ROUTINE_ON_RAM:CHECK_PAGE0:
------+------+----+----------------------------------
   255|      |    |CHECK_PAGE0 ::
      |      |    |  global label [CHECK_PAGE0] address: 0x00b04c
------+------+----+----------------------------------
   257|      |    |LD [ RAMAD0 ], A
      |      |    |  Z80:14cyc R800:6cyc
      |0000FA|B04C|  32 41 F3
------+------+----+----------------------------------
   258|      |    |CALL MY_ENASLT0
      |      |    |  Z80:18cyc R800:5cyc
      |0000FD|B04F|  CD AD B0
------+------+----+----------------------------------
   260|      |    |LD HL, 0x0000
      |      |    |  Z80:11cyc R800:3cyc
      |000100|B052|  21 00 00
------+------+----+----------------------------------
   261|      |    |LOOP :
      |      |    |  label [PAGE2_ROUTINE_ON_RAM:CHECK_PAGE0:LOOP] address: 0x00b055
------+------+----+----------------------------------
   262|      |    |LD A, [ HL ]
      |      |    |  Z80:8cyc R800:4cyc
      |000103|B055|  7E
------+------+----+----------------------------------
   263|      |    |CPL
      |      |    |  Z80:5cyc R800:1cyc
      |000104|B056|  2F
------+------+----+----------------------------------
   264|      |    |LD [ HL ], A
      |      |    |  Z80:8cyc R800:4cyc
      |000105|B057|  77
------+------+----+----------------------------------
   265|      |    |CP A, [ HL ]
      |      |    |  Z80:8cyc R800:4cyc
      |000106|B058|  BE
------+------+----+----------------------------------
   266|      |    |CPL
      |      |    |  Z80:5cyc R800:1cyc
      |000107|B059|  2F
------+------+----+----------------------------------
   267|      |    |LD [ HL ], A
      |      |    |  Z80:8cyc R800:4cyc
      |000108|B05A|  77
------+------+----+----------------------------------
   268|      |    |RET NZ
      |      |    |  Z80:12cyc/6cyc R800:5cyc/1cyc
      |000109|B05B|  C0
------+------+----+----------------------------------
   269|      |    |INC HL
      |      |    |  Z80:7cyc R800:1cyc
      |00010A|B05C|  23
------+------+----+----------------------------------
   270|      |    |BIT 6, H
      |      |    |  Z80:10cyc R800:2cyc
      |00010B|B05D|  CB 74
------+------+----+----------------------------------
   271|      |    |JR Z, LOOP
      |      |    |  Z80:13cyc/8cyc R800:3cyc/2cyc
      |00010D|B05F|  28 F4
------+------+----+----------------------------------
   272|      |    |XOR A, A
      |      |    |  Z80:5cyc R800:1cyc
      |00010F|B061|  AF
------+------+----+----------------------------------
   273|      |    |RET
      |      |    |  Z80:11cyc R800:5cyc
      |000110|B062|  C9
------+------+----+----------------------------------
   274|      |    |ENDSCOPE
      |      |    |  Exit scope: PAGE2_ROUTINE_ON_RAM:CHECK_PAGE0:
------+------+----+----------------------------------
   279|      |    |SCOPE CHANGE_TO_RAM_FOR_PAGE1
      |      |    |  Enter scope: PAGE2_ROUTINE_ON_RAM:CHANGE_TO_RAM_FOR_PAGE1:
------+------+----+----------------------------------
   280|      |    |CHANGE_TO_RAM_FOR_PAGE1 ::
      |      |    |  global label [CHANGE_TO_RAM_FOR_PAGE1] address: 0x00b063
------+------+----+----------------------------------
   281|      |    |XOR A, A
      |      |    |  Z80:5cyc R800:1cyc
      |000111|B063|  AF
------+------+----+----------------------------------
   284|      |    |LD HL, EXPTBL
      |      |    |  Z80:11cyc R800:3cyc
      |000112|B064|  21 C1 FC
------+------+----+----------------------------------
   285|      |    |PRIMARY_SLOT_LOOP :
      |      |    |  label [PAGE2_ROUTINE_ON_RAM:CHANGE_TO_RAM_FOR_PAGE1:PRIMARY_SLOT_LOOP] address: 0x00b067
------+------+----+----------------------------------
   286|      |    |LD B, A
      |      |    |  Z80:5cyc R800:2cyc
      |000115|B067|  47
------+------+----+----------------------------------
   287|      |    |PUSH AF
      |      |    |  Z80:12cyc R800:6cyc
      |000116|B068|  F5
------+------+----+----------------------------------
   288|      |    |LD A, [ HL ]
      |      |    |  Z80:8cyc R800:4cyc
      |000117|B069|  7E
------+------+----+----------------------------------
   289|      |    |PUSH HL
      |      |    |  Z80:12cyc R800:6cyc
      |000118|B06A|  E5
------+------+----+----------------------------------
   290|      |    |AND A, 0x80
      |      |    |  Z80:8cyc R800:2cyc
      |000119|B06B|  E6 80
------+------+----+----------------------------------
   291|      |    |OR A, B
      |      |    |  Z80:5cyc R800:1cyc
      |00011B|B06D|  B0
------+------+----+----------------------------------
   292|      |    |JP M, EXPAND_SLOT_FOUND
      |      |    |  Z80:11cyc R800:5cyc/3cyc
      |00011C|B06E|  FA 7A B0
------+------+----+----------------------------------
   294|      |    |CALL CHECK_PAGE1
      |      |    |  Z80:18cyc R800:5cyc
      |00011F|B071|  CD 96 B0
------+------+----+----------------------------------
   295|      |    |PUSH AF
      |      |    |  Z80:12cyc R800:6cyc
      |000122|B074|  F5
------+------+----+----------------------------------
   296|      |    |JR Z, RAM_FOUND
      |      |    |  Z80:13cyc/8cyc R800:3cyc/2cyc
      |000123|B075|  28 1B
------+------+----+----------------------------------
   297|      |    |POP AF
      |      |    |  Z80:11cyc R800:5cyc
      |000125|B077|  F1
------+------+----+----------------------------------
   298|      |    |JR NEXT_PRIMARY_SLOT
      |      |    |  Z80:13cyc R800:3cyc
      |000126|B078|  18 0D
------+------+----+----------------------------------
   299|      |    |EXPAND_SLOT_FOUND :
      |      |    |  label [PAGE2_ROUTINE_ON_RAM:CHANGE_TO_RAM_FOR_PAGE1:EXPAND_SLOT_FOUND] address: 0x00b07a
------+------+----+----------------------------------
   301|      |    |PUSH AF
      |      |    |  Z80:12cyc R800:6cyc
      |000128|B07A|  F5
------+------+----+----------------------------------
   302|      |    |CALL CHECK_PAGE1
      |      |    |  Z80:18cyc R800:5cyc
      |000129|B07B|  CD 96 B0
------+------+----+----------------------------------
   303|      |    |JR Z, RAM_FOUND
      |      |    |  Z80:13cyc/8cyc R800:3cyc/2cyc
      |00012C|B07E|  28 12
------+------+----+----------------------------------
   304|      |    |POP AF
      |      |    |  Z80:11cyc R800:5cyc
      |00012E|B080|  F1
------+------+----+----------------------------------
   305|      |    |ADD A, 0x04
      |      |    |  Z80:8cyc R800:2cyc
      |00012F|B081|  C6 04
------+------+----+----------------------------------
   306|      |    |BIT 4, A
      |      |    |  Z80:10cyc R800:2cyc
      |000131|B083|  CB 67
------+------+----+----------------------------------
   307|      |    |JR Z, EXPAND_SLOT_FOUND
      |      |    |  Z80:13cyc/8cyc R800:3cyc/2cyc
      |000133|B085|  28 F3
------+------+----+----------------------------------
   308|      |    |NEXT_PRIMARY_SLOT :
      |      |    |  label [PAGE2_ROUTINE_ON_RAM:CHANGE_TO_RAM_FOR_PAGE1:NEXT_PRIMARY_SLOT] address: 0x00b087
------+------+----+----------------------------------
   309|      |    |POP HL
      |      |    |  Z80:11cyc R800:5cyc
      |000135|B087|  E1
------+------+----+----------------------------------
   310|      |    |POP AF
      |      |    |  Z80:11cyc R800:5cyc
      |000136|B088|  F1
------+------+----+----------------------------------
   311|      |    |INC A
      |      |    |  Z80:5cyc R800:1cyc
      |000137|B089|  3C
------+------+----+----------------------------------
   312|      |    |INC HL
      |      |    |  Z80:7cyc R800:1cyc
      |000138|B08A|  23
------+------+----+----------------------------------
   313|      |    |BIT 2, A
      |      |    |  Z80:10cyc R800:2cyc
      |000139|B08B|  CB 57
------+------+----+----------------------------------
   314|      |    |JR Z, PRIMARY_SLOT_LOOP
      |      |    |  Z80:13cyc/8cyc R800:3cyc/2cyc
      |00013B|B08D|  28 D8
------+------+----+----------------------------------
   315|      |    |RAM_NOT_FOUND :
      |      |    |  label [PAGE2_ROUTINE_ON_RAM:CHANGE_TO_RAM_FOR_PAGE1:RAM_NOT_FOUND] address: 0x00b08f
------+------+----+----------------------------------
   316|      |    |JP GOTO_ERROR
      |      |    |  Z80:11cyc R800:5cyc
      |00013D|B08F|  C3 0A B0
------+------+----+----------------------------------
   317|      |    |RAM_FOUND :
      |      |    |  label [PAGE2_ROUTINE_ON_RAM:CHANGE_TO_RAM_FOR_PAGE1:RAM_FOUND] address: 0x00b092
------+------+----+----------------------------------
   318|      |    |POP HL
      |      |    |  Z80:11cyc R800:5cyc
      |000140|B092|  E1
------+------+----+----------------------------------
   319|      |    |POP HL
      |      |    |  Z80:11cyc R800:5cyc
      |000141|B093|  E1
------+------+----+----------------------------------
   320|      |    |POP AF
      |      |    |  Z80:11cyc R800:5cyc
      |000142|B094|  F1
------+------+----+----------------------------------
   321|      |    |RET
      |      |    |  Z80:11cyc R800:5cyc
      |000143|B095|  C9
------+------+----+----------------------------------
   322|      |    |ENDSCOPE
      |      |    |  Exit scope: PAGE2_ROUTINE_ON_RAM:CHANGE_TO_RAM_FOR_PAGE1:
------+------+----+----------------------------------
   324|      |    |SCOPE CHECK_PAGE1
      |      |    |  Enter scope: PAGE2_ROUTINE_ON_RAM:CHECK_PAGE1:
------+------+----+----------------------------------
   325|      |    |CHECK_PAGE1 ::
      |      |    |  global label [CHECK_PAGE1] address: 0x00b096
------+------+----+----------------------------------
   327|      |    |LD [ RAMAD1 ], A
      |      |    |  Z80:14cyc R800:6cyc
      |000144|B096|  32 42 F3
------+------+----+----------------------------------
   328|      |    |CALL MY_ENASLT1
      |      |    |  Z80:18cyc R800:5cyc
      |000147|B099|  CD EC B0
------+------+----+----------------------------------
   330|      |    |LD HL, 0x4000
      |      |    |  Z80:11cyc R800:3cyc
      |00014A|B09C|  21 00 40
------+------+----+----------------------------------
   331|      |    |LOOP :
      |      |    |  label [PAGE2_ROUTINE_ON_RAM:CHECK_PAGE1:LOOP] address: 0x00b09f
------+------+----+----------------------------------
   332|      |    |LD A, [ HL ]
      |      |    |  Z80:8cyc R800:4cyc
      |00014D|B09F|  7E
------+------+----+----------------------------------
   333|      |    |CPL
      |      |    |  Z80:5cyc R800:1cyc
      |00014E|B0A0|  2F
------+------+----+----------------------------------
   334|      |    |LD [ HL ], A
      |      |    |  Z80:8cyc R800:4cyc
      |00014F|B0A1|  77
------+------+----+----------------------------------
   335|      |    |CP A, [ HL ]
      |      |    |  Z80:8cyc R800:4cyc
      |000150|B0A2|  BE
------+------+----+----------------------------------
   336|      |    |CPL
      |      |    |  Z80:5cyc R800:1cyc
      |000151|B0A3|  2F
------+------+----+----------------------------------
   337|      |    |LD [ HL ], A
      |      |    |  Z80:8cyc R800:4cyc
      |000152|B0A4|  77
------+------+----+----------------------------------
   338|      |    |RET NZ
      |      |    |  Z80:12cyc/6cyc R800:5cyc/1cyc
      |000153|B0A5|  C0
------+------+----+----------------------------------
   339|      |    |INC HL
      |      |    |  Z80:7cyc R800:1cyc
      |000154|B0A6|  23
------+------+----+----------------------------------
   340|      |    |BIT 7, H
      |      |    |  Z80:10cyc R800:2cyc
      |000155|B0A7|  CB 7C
------+------+----+----------------------------------
   341|      |    |JR Z, LOOP
      |      |    |  Z80:13cyc/8cyc R800:3cyc/2cyc
      |000157|B0A9|  28 F4
------+------+----+----------------------------------
   342|      |    |XOR A, A
      |      |    |  Z80:5cyc R800:1cyc
      |000159|B0AB|  AF
------+------+----+----------------------------------
   343|      |    |RET
      |      |    |  Z80:11cyc R800:5cyc
      |00015A|B0AC|  C9
------+------+----+----------------------------------
   344|      |    |ENDSCOPE
      |      |    |  Exit scope: PAGE2_ROUTINE_ON_RAM:CHECK_PAGE1:
------+------+----+----------------------------------
   357|      |    |SCOPE MY_ENASLT0
      |      |    |  Enter scope: PAGE2_ROUTINE_ON_RAM:MY_ENASLT0:
------+------+----+----------------------------------
   358|      |    |MY_ENASLT0 ::
      |      |    |  global label [MY_ENASLT0] address: 0x00b0ad
------+------+----+----------------------------------
   359|      |    |LD B, A
      |      |    |  Z80:5cyc R800:2cyc
      |00015B|B0AD|  47
------+------+----+----------------------------------
   360|      |    |AND A, 0x83
      |      |    |  Z80:8cyc R800:2cyc
      |00015C|B0AE|  E6 83
------+------+----+----------------------------------
   361|      |    |JP M, MY_ENASLT0_EX
      |      |    |  Z80:11cyc R800:5cyc/3cyc
      |00015E|B0B0|  FA BD B0
------+------+----+----------------------------------
   363|      |    |LD C, A
      |      |    |  Z80:5cyc R800:2cyc
      |000161|B0B3|  4F
------+------+----+----------------------------------
   364|      |    |DI
      |      |    |  Z80:5cyc R800:2cyc
      |000162|B0B4|  F3
------+------+----+----------------------------------
   365|      |    |IN A, [ PPI_SLOT_REG ]
      |      |    |  Z80:12cyc R800:10cyc/9cyc
      |000163|B0B5|  DB A8
------+------+----+----------------------------------
   366|      |    |AND A, 0b11111100
      |      |    |  Z80:8cyc R800:2cyc
      |000165|B0B7|  E6 FC
------+------+----+----------------------------------
   367|      |    |OR A, C
      |      |    |  Z80:5cyc R800:1cyc
      |000167|B0B9|  B1
------+------+----+----------------------------------
   368|      |    |OUT [ PPI_SLOT_REG ], A
      |      |    |  Z80:12cyc R800:10cyc/9cyc
      |000168|B0BA|  D3 A8
------+------+----+----------------------------------
   369|      |    |RET
      |      |    |  Z80:11cyc R800:5cyc
      |00016A|B0BC|  C9
------+------+----+----------------------------------
   371|      |    |MY_ENASLT0_EX :
      |      |    |  label [PAGE2_ROUTINE_ON_RAM:MY_ENASLT0:MY_ENASLT0_EX] address: 0x00b0bd
------+------+----+----------------------------------
   372|      |    |AND A, 0x03
      |      |    |  Z80:8cyc R800:2cyc
      |00016B|B0BD|  E6 03
------+------+----+----------------------------------
   373|      |    |LD C, A
      |      |    |  Z80:5cyc R800:2cyc
      |00016D|B0BF|  4F
------+------+----+----------------------------------
   375|      |    |LD HL, SLTTBL
      |      |    |  Z80:11cyc R800:3cyc
      |00016E|B0C0|  21 C5 FC
------+------+----+----------------------------------
   376|      |    |ADD A, L
      |      |    |  Z80:5cyc R800:1cyc
      |000171|B0C3|  85
------+------+----+----------------------------------
   377|      |    |LD L, A
      |      |    |  Z80:5cyc R800:2cyc
      |000172|B0C4|  6F
------+------+----+----------------------------------
   379|      |    |LD A, C
      |      |    |  Z80:5cyc R800:2cyc
      |000173|B0C5|  79
------+------+----+----------------------------------
   380|      |    |RRCA
      |      |    |  Z80:5cyc R800:1cyc
      |000174|B0C6|  0F
------+------+----+----------------------------------
   381|      |    |RRCA
      |      |    |  Z80:5cyc R800:1cyc
      |000175|B0C7|  0F
------+------+----+----------------------------------
   382|      |    |OR A, C
      |      |    |  Z80:5cyc R800:1cyc
      |000176|B0C8|  B1
------+------+----+----------------------------------
   383|      |    |LD C, A
      |      |    |  Z80:5cyc R800:2cyc
      |000177|B0C9|  4F
------+------+----+----------------------------------
   384|      |    |DI
      |      |    |  Z80:5cyc R800:2cyc
      |000178|B0CA|  F3
------+------+----+----------------------------------
   385|      |    |IN A, [ PPI_SLOT_REG ]
      |      |    |  Z80:12cyc R800:10cyc/9cyc
      |000179|B0CB|  DB A8
------+------+----+----------------------------------
   386|      |    |LD D, A
      |      |    |  Z80:5cyc R800:2cyc
      |00017B|B0CD|  57
------+------+----+----------------------------------
   387|      |    |AND A, 0b00111100
      |      |    |  Z80:8cyc R800:2cyc
      |00017C|B0CE|  E6 3C
------+------+----+----------------------------------
   388|      |    |OR A, C
      |      |    |  Z80:5cyc R800:1cyc
      |00017E|B0D0|  B1
------+------+----+----------------------------------
   389|      |    |OUT [ PPI_SLOT_REG ], A
      |      |    |  Z80:12cyc R800:10cyc/9cyc
      |00017F|B0D1|  D3 A8
------+------+----+----------------------------------
   390|      |    |LD A, B
      |      |    |  Z80:5cyc R800:2cyc
      |000181|B0D3|  78
------+------+----+----------------------------------
   391|      |    |AND A, 0b00001100
      |      |    |  Z80:8cyc R800:2cyc
      |000182|B0D4|  E6 0C
------+------+----+----------------------------------
   392|      |    |RRCA
      |      |    |  Z80:5cyc R800:1cyc
      |000184|B0D6|  0F
------+------+----+----------------------------------
   393|      |    |RRCA
      |      |    |  Z80:5cyc R800:1cyc
      |000185|B0D7|  0F
------+------+----+----------------------------------
   394|      |    |LD B, A
      |      |    |  Z80:5cyc R800:2cyc
      |000186|B0D8|  47
------+------+----+----------------------------------
   395|      |    |LD A, [ HL ]
      |      |    |  Z80:8cyc R800:4cyc
      |000187|B0D9|  7E
------+------+----+----------------------------------
   396|      |    |AND A, 0b11111100
      |      |    |  Z80:8cyc R800:2cyc
      |000188|B0DA|  E6 FC
------+------+----+----------------------------------
   397|      |    |OR A, B
      |      |    |  Z80:5cyc R800:1cyc
      |00018A|B0DC|  B0
------+------+----+----------------------------------
   398|      |    |LD [ EXT_SLOT_REG ], A
      |      |    |  Z80:14cyc R800:6cyc
      |00018B|B0DD|  32 FF FF
------+------+----+----------------------------------
   399|      |    |LD [ HL ], A
      |      |    |  Z80:8cyc R800:4cyc
      |00018E|B0E0|  77
------+------+----+----------------------------------
   400|      |    |LD A, D
      |      |    |  Z80:5cyc R800:2cyc
      |00018F|B0E1|  7A
------+------+----+----------------------------------
   401|      |    |AND A, 0b11111100
      |      |    |  Z80:8cyc R800:2cyc
      |000190|B0E2|  E6 FC
------+------+----+----------------------------------
   402|      |    |LD B, A
      |      |    |  Z80:5cyc R800:2cyc
      |000192|B0E4|  47
------+------+----+----------------------------------
   403|      |    |LD A, C
      |      |    |  Z80:5cyc R800:2cyc
      |000193|B0E5|  79
------+------+----+----------------------------------
   404|      |    |AND A, 0b00000011
      |      |    |  Z80:8cyc R800:2cyc
      |000194|B0E6|  E6 03
------+------+----+----------------------------------
   405|      |    |OR A, B
      |      |    |  Z80:5cyc R800:1cyc
      |000196|B0E8|  B0
------+------+----+----------------------------------
   406|      |    |OUT [ PPI_SLOT_REG ], A
      |      |    |  Z80:12cyc R800:10cyc/9cyc
      |000197|B0E9|  D3 A8
------+------+----+----------------------------------
   407|      |    |RET
      |      |    |  Z80:11cyc R800:5cyc
      |000199|B0EB|  C9
------+------+----+----------------------------------
   408|      |    |ENDSCOPE
      |      |    |  Exit scope: PAGE2_ROUTINE_ON_RAM:MY_ENASLT0:
------+------+----+----------------------------------
   421|      |    |SCOPE MY_ENASLT1
      |      |    |  Enter scope: PAGE2_ROUTINE_ON_RAM:MY_ENASLT1:
------+------+----+----------------------------------
   422|      |    |MY_ENASLT1 ::
      |      |    |  global label [MY_ENASLT1] address: 0x00b0ec
------+------+----+----------------------------------
   423|      |    |LD B, A
      |      |    |  Z80:5cyc R800:2cyc
      |00019A|B0EC|  47
------+------+----+----------------------------------
   424|      |    |AND A, 0x83
      |      |    |  Z80:8cyc R800:2cyc
      |00019B|B0ED|  E6 83
------+------+----+----------------------------------
   425|      |    |JP M, MY_ENASLT1_EX
      |      |    |  Z80:11cyc R800:5cyc/3cyc
      |00019D|B0EF|  FA FE B0
------+------+----+----------------------------------
   427|      |    |RLCA
      |      |    |  Z80:5cyc R800:1cyc
      |0001A0|B0F2|  07
------+------+----+----------------------------------
   428|      |    |RLCA
      |      |    |  Z80:5cyc R800:1cyc
      |0001A1|B0F3|  07
------+------+----+----------------------------------
   429|      |    |LD C, A
      |      |    |  Z80:5cyc R800:2cyc
      |0001A2|B0F4|  4F
------+------+----+----------------------------------
   430|      |    |DI
      |      |    |  Z80:5cyc R800:2cyc
      |0001A3|B0F5|  F3
------+------+----+----------------------------------
   431|      |    |IN A, [ PPI_SLOT_REG ]
      |      |    |  Z80:12cyc R800:10cyc/9cyc
      |0001A4|B0F6|  DB A8
------+------+----+----------------------------------
   432|      |    |AND A, 0b11110011
      |      |    |  Z80:8cyc R800:2cyc
      |0001A6|B0F8|  E6 F3
------+------+----+----------------------------------
   433|      |    |OR A, C
      |      |    |  Z80:5cyc R800:1cyc
      |0001A8|B0FA|  B1
------+------+----+----------------------------------
   434|      |    |OUT [ PPI_SLOT_REG ], A
      |      |    |  Z80:12cyc R800:10cyc/9cyc
      |0001A9|B0FB|  D3 A8
------+------+----+----------------------------------
   435|      |    |RET
      |      |    |  Z80:11cyc R800:5cyc
      |0001AB|B0FD|  C9
------+------+----+----------------------------------
   437|      |    |MY_ENASLT1_EX :
      |      |    |  label [PAGE2_ROUTINE_ON_RAM:MY_ENASLT1:MY_ENASLT1_EX] address: 0x00b0fe
------+------+----+----------------------------------
   438|      |    |AND A, 0x03
      |      |    |  Z80:8cyc R800:2cyc
      |0001AC|B0FE|  E6 03
------+------+----+----------------------------------
   439|      |    |LD C, A
      |      |    |  Z80:5cyc R800:2cyc
      |0001AE|B100|  4F
------+------+----+----------------------------------
   441|      |    |LD HL, SLTTBL
      |      |    |  Z80:11cyc R800:3cyc
      |0001AF|B101|  21 C5 FC
------+------+----+----------------------------------
   442|      |    |ADD A, L
      |      |    |  Z80:5cyc R800:1cyc
      |0001B2|B104|  85
------+------+----+----------------------------------
   443|      |    |LD L, A
      |      |    |  Z80:5cyc R800:2cyc
      |0001B3|B105|  6F
------+------+----+----------------------------------
   445|      |    |LD A, C
      |      |    |  Z80:5cyc R800:2cyc
      |0001B4|B106|  79
------+------+----+----------------------------------
   446|      |    |RLCA
      |      |    |  Z80:5cyc R800:1cyc
      |0001B5|B107|  07
------+------+----+----------------------------------
   447|      |    |RLCA
      |      |    |  Z80:5cyc R800:1cyc
      |0001B6|B108|  07
------+------+----+----------------------------------
   448|      |    |LD C, A
      |      |    |  Z80:5cyc R800:2cyc
      |0001B7|B109|  4F
------+------+----+----------------------------------
   449|      |    |RLCA
      |      |    |  Z80:5cyc R800:1cyc
      |0001B8|B10A|  07
------+------+----+----------------------------------
   450|      |    |RLCA
      |      |    |  Z80:5cyc R800:1cyc
      |0001B9|B10B|  07
------+------+----+----------------------------------
   451|      |    |RLCA
      |      |    |  Z80:5cyc R800:1cyc
      |0001BA|B10C|  07
------+------+----+----------------------------------
   452|      |    |RLCA
      |      |    |  Z80:5cyc R800:1cyc
      |0001BB|B10D|  07
------+------+----+----------------------------------
   453|      |    |OR A, C
      |      |    |  Z80:5cyc R800:1cyc
      |0001BC|B10E|  B1
------+------+----+----------------------------------
   454|      |    |LD C, A
      |      |    |  Z80:5cyc R800:2cyc
      |0001BD|B10F|  4F
------+------+----+----------------------------------
   455|      |    |DI
      |      |    |  Z80:5cyc R800:2cyc
      |0001BE|B110|  F3
------+------+----+----------------------------------
   456|      |    |IN A, [ PPI_SLOT_REG ]
      |      |    |  Z80:12cyc R800:10cyc/9cyc
      |0001BF|B111|  DB A8
------+------+----+----------------------------------
   457|      |    |LD D, A
      |      |    |  Z80:5cyc R800:2cyc
      |0001C1|B113|  57
------+------+----+----------------------------------
   458|      |    |AND A, 0b00110011
      |      |    |  Z80:8cyc R800:2cyc
      |0001C2|B114|  E6 33
------+------+----+----------------------------------
   459|      |    |OR A, C
      |      |    |  Z80:5cyc R800:1cyc
      |0001C4|B116|  B1
------+------+----+----------------------------------
   460|      |    |OUT [ PPI_SLOT_REG ], A
      |      |    |  Z80:12cyc R800:10cyc/9cyc
      |0001C5|B117|  D3 A8
------+------+----+----------------------------------
   461|      |    |LD A, B
      |      |    |  Z80:5cyc R800:2cyc
      |0001C7|B119|  78
------+------+----+----------------------------------
   462|      |    |AND A, 0b00001100
      |      |    |  Z80:8cyc R800:2cyc
      |0001C8|B11A|  E6 0C
------+------+----+----------------------------------
   463|      |    |LD B, A
      |      |    |  Z80:5cyc R800:2cyc
      |0001CA|B11C|  47
------+------+----+----------------------------------
   464|      |    |LD A, [ HL ]
      |      |    |  Z80:8cyc R800:4cyc
      |0001CB|B11D|  7E
------+------+----+----------------------------------
   465|      |    |AND A, 0b11110011
      |      |    |  Z80:8cyc R800:2cyc
      |0001CC|B11E|  E6 F3
------+------+----+----------------------------------
   466|      |    |OR A, B
      |      |    |  Z80:5cyc R800:1cyc
      |0001CE|B120|  B0
------+------+----+----------------------------------
   467|      |    |LD [ EXT_SLOT_REG ], A
      |      |    |  Z80:14cyc R800:6cyc
      |0001CF|B121|  32 FF FF
------+------+----+----------------------------------
   468|      |    |LD [ HL ], A
      |      |    |  Z80:8cyc R800:4cyc
      |0001D2|B124|  77
------+------+----+----------------------------------
   469|      |    |LD A, D
      |      |    |  Z80:5cyc R800:2cyc
      |0001D3|B125|  7A
------+------+----+----------------------------------
   470|      |    |AND A, 0b11110011
      |      |    |  Z80:8cyc R800:2cyc
      |0001D4|B126|  E6 F3
------+------+----+----------------------------------
   471|      |    |LD B, A
      |      |    |  Z80:5cyc R800:2cyc
      |0001D6|B128|  47
------+------+----+----------------------------------
   472|      |    |LD A, C
      |      |    |  Z80:5cyc R800:2cyc
      |0001D7|B129|  79
------+------+----+----------------------------------
   473|      |    |AND A, 0b00001100
      |      |    |  Z80:8cyc R800:2cyc
      |0001D8|B12A|  E6 0C
------+------+----+----------------------------------
   474|      |    |OR A, B
      |      |    |  Z80:5cyc R800:1cyc
      |0001DA|B12C|  B0
------+------+----+----------------------------------
   475|      |    |OUT [ PPI_SLOT_REG ], A
      |      |    |  Z80:12cyc R800:10cyc/9cyc
      |0001DB|B12D|  D3 A8
------+------+----+----------------------------------
   476|      |    |RET
      |      |    |  Z80:11cyc R800:5cyc
      |0001DD|B12F|  C9
------+------+----+----------------------------------
   477|      |    |ENDSCOPE
      |      |    |  Exit scope: PAGE2_ROUTINE_ON_RAM:MY_ENASLT1:
------+------+----+----------------------------------
   478|      |    |PAGE2_ROUTINE_ON_RAM_END ::
      |      |    |  global label [PAGE2_ROUTINE_ON_RAM_END] address: 0x00b130
------+------+----+----------------------------------
   479|      |    |ENDSCOPE
      |      |    |  Exit scope: PAGE2_ROUTINE_ON_RAM:
------+------+----+----------------------------------
   480|      |    |ORG PAGE2_ROUTINE_ON_ROM + PAGE2_ROUTINE_ON_RAM_END - PAGE2_ROUTINE_ON_RAM
------+------+----+----------------------------------
   482|      |    |MESSAGE_NOT_ENOUGH_MEMORY ::
      |      |    |  global label [MESSAGE_NOT_ENOUGH_MEMORY] address: 0x0041de
------+------+----+----------------------------------
   483|      |    |DB "Not enough memory", 0x0D, 0x0A, 0
      |0001DE|41DE|  4E 6F 74 20 65 6E 6F 75
      |0001E6|41E6|  67 68 20 6D 65 6D 6F 72
      |0001EE|41EE|  79 0D 0A 00
------+------+----+----------------------------------
<< label >>
CHANGE_TO_RAM_FOR_PAGE0 .......................................... 45081 ( 0xb019 )
CHANGE_TO_RAM_FOR_PAGE1 .......................................... 45155 ( 0xb063 )
CHECK_PAGE0 ...................................................... 45132 ( 0xb04c )
CHECK_PAGE1 ...................................................... 45206 ( 0xb096 )
ENTRY_POINT ...................................................... 16400 ( 0x4010 )
ERROR_NOT_ENOUGH_MEMORY .......................................... 16534 ( 0x4096 )
EXPTBL ........................................................... 64705 ( 0xfcc1 )
EXT_SLOT_REG ..................................................... 65535 ( 0xffff )
GET_PAGE2_RAM_SLOT:NO_EXPAND_SLOT ................................ 16482 ( 0x4062 )
GET_PAGE3_RAM_SLOT:NO_EXPAND_SLOT ................................ 16517 ( 0x4085 )
GET_ROM_SLOT:NO_EXPAND_SLOT ...................................... 16447 ( 0x403f )
GOTO_ERROR ....................................................... 45066 ( 0xb00a )
MAIN_ROM_SLOT .................................................... 64705 ( 0xfcc1 )
MAIN_ROUTINE ..................................................... 45056 ( 0xb000 )
MESSAGE_NOT_ENOUGH_MEMORY ........................................ 16862 ( 0x41de )
MY_ENASLT0 ....................................................... 45229 ( 0xb0ad )
MY_ENASLT1 ....................................................... 45292 ( 0xb0ec )
PAGE2_RAM_CHECK:LOOP ............................................. 16404 ( 0x4014 )
PAGE2_ROUTINE_ON_RAM ............................................. 45056 ( 0xb000 )
PAGE2_ROUTINE_ON_RAM:CHANGE_TO_RAM_FOR_PAGE0:EXPAND_SLOT_FOUND ... 45104 ( 0xb030 )
PAGE2_ROUTINE_ON_RAM:CHANGE_TO_RAM_FOR_PAGE0:NEXT_PRIMARY_SLOT ... 45117 ( 0xb03d )
PAGE2_ROUTINE_ON_RAM:CHANGE_TO_RAM_FOR_PAGE0:PRIMARY_SLOT_LOOP ... 45085 ( 0xb01d )
PAGE2_ROUTINE_ON_RAM:CHANGE_TO_RAM_FOR_PAGE0:RAM_FOUND ........... 45128 ( 0xb048 )
PAGE2_ROUTINE_ON_RAM:CHANGE_TO_RAM_FOR_PAGE0:RAM_NOT_FOUND ....... 45125 ( 0xb045 )
PAGE2_ROUTINE_ON_RAM:CHANGE_TO_RAM_FOR_PAGE1:EXPAND_SLOT_FOUND ... 45178 ( 0xb07a )
PAGE2_ROUTINE_ON_RAM:CHANGE_TO_RAM_FOR_PAGE1:NEXT_PRIMARY_SLOT ... 45191 ( 0xb087 )
PAGE2_ROUTINE_ON_RAM:CHANGE_TO_RAM_FOR_PAGE1:PRIMARY_SLOT_LOOP ... 45159 ( 0xb067 )
PAGE2_ROUTINE_ON_RAM:CHANGE_TO_RAM_FOR_PAGE1:RAM_FOUND ........... 45202 ( 0xb092 )
PAGE2_ROUTINE_ON_RAM:CHANGE_TO_RAM_FOR_PAGE1:RAM_NOT_FOUND ....... 45199 ( 0xb08f )
PAGE2_ROUTINE_ON_RAM:CHECK_PAGE0:LOOP ............................ 45141 ( 0xb055 )
PAGE2_ROUTINE_ON_RAM:CHECK_PAGE1:LOOP ............................ 45215 ( 0xb09f )
PAGE2_ROUTINE_ON_RAM:MAIN_ROUTINE:LOOP ........................... 45063 ( 0xb007 )
PAGE2_ROUTINE_ON_RAM:MY_ENASLT0:MY_ENASLT0_EX .................... 45245 ( 0xb0bd )
PAGE2_ROUTINE_ON_RAM:MY_ENASLT1:MY_ENASLT1_EX .................... 45310 ( 0xb0fe )
PAGE2_ROUTINE_ON_RAM_END ......................................... 45360 ( 0xb130 )
PAGE2_ROUTINE_ON_ROM ............................................. 16558 ( 0x40ae )
PPI_SLOT_REG ..................................................... 168 ( 0xa8 )
PUT_ERROR ........................................................ 16540 ( 0x409c )
PUT_ERROR:FREEZE ................................................. 16556 ( 0x40ac )
PUT_ERROR:LOOP ................................................... 16548 ( 0x40a4 )
RAMAD0 ........................................................... 62273 ( 0xf341 )
RAMAD1 ........................................................... 62274 ( 0xf342 )
RAMAD2 ........................................................... 62275 ( 0xf343 )
RAMAD3 ........................................................... 62276 ( 0xf344 )
ROM_SLOT ......................................................... 32768 ( 0x8000 )
SLTTBL ........................................................... 64709 ( 0xfcc5 )
